SF:lib/l10n/global_app_localizations.dart
DA:28,0
DA:29,0
DA:31,1
DA:33,1
DA:34,3
DA:37,1
DA:39,1
DA:40,1
DA:42,1
DA:46,0
DA:47,0
DA:50,0
DA:51,0
DA:52,0
LF:14
LH:7
end_of_record
SF:lib/core/http/app_interceptor.dart
DA:9,0
DA:11,0
DA:16,0
DA:17,0
DA:19,0
DA:22,0
DA:24,0
DA:25,0
DA:28,0
DA:31,0
DA:33,0
DA:34,0
LF:12
LH:0
end_of_record
SF:lib/core/utils/print.dart
DA:5,0
DA:6,0
DA:9,0
DA:10,0
DA:13,0
DA:14,0
DA:17,0
DA:18,0
DA:21,0
DA:22,0
DA:25,0
DA:26,0
DA:29,0
DA:30,0
DA:33,0
DA:34,0
DA:38,0
DA:39,0
DA:42,0
DA:43,0
DA:46,0
DA:47,0
DA:50,0
DA:51,0
DA:54,0
DA:55,0
DA:58,0
DA:59,0
DA:62,0
DA:63,0
DA:66,0
DA:67,0
LF:32
LH:0
end_of_record
SF:lib/core/http/client.dart
DA:8,0
DA:10,0
DA:11,0
DA:13,0
DA:15,0
DA:16,0
DA:22,0
LF:7
LH:0
end_of_record
SF:lib/features/chat/data/data_source/ai_data_source.dart
DA:9,0
DA:16,0
DA:18,0
DA:21,0
DA:23,0
DA:24,0
DA:26,0
DA:29,0
DA:35,0
DA:38,0
DA:40,0
DA:43,0
DA:47,0
LF:13
LH:0
end_of_record
SF:lib/features/chat/data/models/completions/completion_model.dart
DA:13,0
DA:23,0
DA:24,0
DA:25,0
DA:26,0
DA:27,0
DA:28,0
DA:29,0
DA:30,0
DA:31,0
DA:32,0
LF:11
LH:0
end_of_record
SF:lib/features/chat/data/models/completions/message_model.dart
DA:5,1
DA:10,0
DA:11,0
DA:12,0
DA:13,0
DA:17,0
LF:6
LH:1
end_of_record
SF:lib/features/chat/data/models/images/generated_image_model.dart
DA:5,1
DA:7,0
DA:8,0
DA:9,0
DA:10,0
LF:5
LH:1
end_of_record
SF:lib/features/chat/data/models/completions/choice_model.dart
DA:9,0
DA:16,0
DA:17,0
DA:18,0
DA:19,0
DA:20,0
DA:21,0
LF:7
LH:0
end_of_record
SF:lib/features/chat/data/models/completions/usage_model.dart
DA:6,0
DA:12,0
DA:13,0
DA:14,0
DA:15,0
DA:16,0
LF:6
LH:0
end_of_record
SF:lib/core/utils/base_cubit.dart
DA:4,1
DA:6,1
DA:8,1
DA:9,1
LF:4
LH:4
end_of_record
SF:lib/features/chat/data/models/chat/chat_history_model.dart
DA:6,0
DA:8,0
DA:9,0
DA:10,0
DA:11,0
DA:12,0
LF:6
LH:0
end_of_record
SF:lib/features/chat/data/models/chat/chat_message_model.dart
DA:7,0
DA:14,0
DA:15,0
DA:16,0
DA:17,0
DA:18,0
DA:19,0
LF:7
LH:0
end_of_record
SF:lib/features/chat/domain/entities/chat/chat_history_entity.dart
DA:10,8
DA:15,0
DA:19,0
DA:20,0
DA:21,0
DA:25,0
DA:26,0
DA:27,0
DA:28,0
DA:29,0
DA:31,0
DA:32,0
DA:36,1
DA:37,5
DA:39,0
DA:40,0
DA:41,0
DA:42,0
DA:43,0
DA:44,0
DA:48,2
DA:49,3
DA:50,1
DA:53,0
DA:54,0
LF:25
LH:6
end_of_record
SF:lib/features/chat/domain/entities/chat/chat_message_entity.dart
DA:15,1
DA:22,0
DA:23,0
DA:26,0
DA:27,0
DA:28,0
DA:29,0
DA:30,0
DA:31,0
DA:35,0
DA:36,0
DA:37,0
DA:38,0
DA:39,0
DA:40,0
DA:44,2
DA:45,2
DA:46,1
DA:49,0
DA:50,0
DA:51,0
DA:52,0
DA:53,0
DA:56,0
DA:57,0
DA:58,0
DA:59,0
DA:60,0
DA:61,0
LF:29
LH:4
end_of_record
SF:lib/features/chat/domain/entities/completions/choice_entity.dart
DA:11,1
DA:18,0
DA:19,0
DA:20,0
DA:21,0
DA:22,0
DA:23,0
DA:27,0
DA:28,0
LF:9
LH:1
end_of_record
SF:lib/features/chat/domain/entities/completions/message_entity.dart
DA:9,1
DA:14,0
DA:15,0
DA:16,0
DA:17,0
DA:18,0
DA:19,0
DA:23,0
DA:24,0
LF:9
LH:1
end_of_record
SF:lib/features/chat/domain/entities/completions/completion_entity.dart
DA:15,1
DA:25,0
DA:26,0
DA:27,0
DA:28,0
DA:29,0
DA:30,0
DA:31,0
DA:32,0
DA:33,0
DA:34,0
DA:35,0
DA:39,0
DA:40,0
DA:41,0
DA:42,0
DA:43,0
DA:44,0
DA:45,0
DA:46,0
DA:47,0
LF:21
LH:1
end_of_record
SF:lib/features/chat/domain/entities/completions/usage_entity.dart
DA:9,1
DA:15,0
DA:16,0
DA:17,0
DA:18,0
DA:19,0
DA:23,0
DA:24,0
LF:8
LH:1
end_of_record
SF:lib/features/chat/domain/entities/images/generated_image_entity.dart
DA:8,1
DA:13,1
DA:14,1
DA:15,1
DA:16,1
DA:20,0
DA:21,0
LF:7
LH:5
end_of_record
SF:lib/features/chat/domain/repositories/ai_repository.dart
DA:16,0
DA:18,0
DA:19,0
DA:23,1
DA:35,1
DA:37,1
DA:43,1
DA:44,1
DA:45,1
DA:50,1
DA:51,4
DA:53,0
DA:54,0
DA:57,0
DA:58,0
DA:60,0
DA:61,0
DA:62,0
DA:67,0
DA:68,0
DA:74,2
DA:78,1
DA:83,2
DA:85,2
DA:87,2
DA:91,0
DA:93,0
DA:94,0
LF:28
LH:13
end_of_record
SF:lib/features/chat/presentation/cubit/chat_cubit.dart
DA:9,2
DA:10,1
DA:15,0
DA:16,0
DA:17,0
DA:19,0
DA:21,0
DA:24,0
DA:25,0
DA:26,0
DA:28,0
DA:29,0
DA:30,0
DA:32,0
DA:35,0
DA:36,0
DA:37,0
DA:38,0
DA:45,0
DA:46,0
DA:47,0
DA:57,1
DA:60,1
DA:62,1
DA:63,0
DA:64,1
DA:65,0
DA:74,1
DA:76,1
DA:79,0
DA:81,0
DA:82,0
DA:84,0
DA:88,0
DA:91,0
DA:93,0
DA:94,0
DA:95,0
DA:98,0
LF:39
LH:8
end_of_record
SF:lib/features/chat/presentation/cubit/chat_state.dart
DA:8,7
DA:14,0
DA:18,0
DA:19,0
DA:23,7
DA:33,1
DA:35,1
DA:36,2
DA:40,0
DA:44,0
DA:51,1
DA:58,0
DA:59,0
DA:61,0
DA:65,0
DA:70,0
DA:71,0
DA:72,0
DA:79,1
DA:81,1
DA:82,2
DA:83,3
DA:87,0
DA:88,0
DA:92,0
DA:94,0
DA:95,0
DA:97,0
DA:104,0
DA:106,0
DA:107,0
DA:108,0
DA:112,0
DA:116,0
DA:117,0
DA:123,0
DA:125,0
DA:126,0
DA:128,0
DA:134,0
DA:136,0
DA:137,0
DA:138,0
DA:142,0
DA:146,0
DA:147,0
LF:46
LH:10
end_of_record
